  manager.cpp
  orderFile.cpp
D:\杨帆（文件存储）\求职\C++\个人项目\机房预约系统\orderFile.cpp(34,27): warning C4267: “初始化”: 从“size_t”转换到“int”，可能丢失数据
D:\杨帆（文件存储）\求职\C++\个人项目\机房预约系统\orderFile.cpp(42,27): warning C4267: “=”: 从“size_t”转换到“int”，可能丢失数据
D:\杨帆（文件存储）\求职\C++\个人项目\机房预约系统\orderFile.cpp(50,24): warning C4267: “=”: 从“size_t”转换到“int”，可能丢失数据
D:\杨帆（文件存储）\求职\C++\个人项目\机房预约系统\orderFile.cpp(58,26): warning C4267: “=”: 从“size_t”转换到“int”，可能丢失数据
D:\杨帆（文件存储）\求职\C++\个人项目\机房预约系统\orderFile.cpp(66,25): warning C4267: “=”: 从“size_t”转换到“int”，可能丢失数据
D:\杨帆（文件存储）\求职\C++\个人项目\机房预约系统\orderFile.cpp(74,25): warning C4267: “=”: 从“size_t”转换到“int”，可能丢失数据
  student.cpp
  teacher.cpp
  机房预约系统入口.cpp
机房预约系统入口.obj : error LNK2038: 检测到“RuntimeLibrary”的不匹配项: 值“MT_StaticRelease”不匹配值“MD_DynamicRelease”(manager.obj 中)
libcpmt.lib(cout.obj) : error LNK2038: 检测到“RuntimeLibrary”的不匹配项: 值“MT_StaticRelease”不匹配值“MD_DynamicRelease”(manager.obj 中)
libcpmt.lib(cin.obj) : error LNK2038: 检测到“RuntimeLibrary”的不匹配项: 值“MT_StaticRelease”不匹配值“MD_DynamicRelease”(manager.obj 中)
libcpmt.lib(locale0.obj) : error LNK2038: 检测到“RuntimeLibrary”的不匹配项: 值“MT_StaticRelease”不匹配值“MD_DynamicRelease”(manager.obj 中)
libcpmt.lib(xlock.obj) : error LNK2038: 检测到“RuntimeLibrary”的不匹配项: 值“MT_StaticRelease”不匹配值“MD_DynamicRelease”(manager.obj 中)
libcpmt.lib(iosptrs.obj) : error LNK2038: 检测到“RuntimeLibrary”的不匹配项: 值“MT_StaticRelease”不匹配值“MD_DynamicRelease”(manager.obj 中)
libcpmt.lib(locale.obj) : error LNK2038: 检测到“RuntimeLibrary”的不匹配项: 值“MT_StaticRelease”不匹配值“MD_DynamicRelease”(manager.obj 中)
libcpmt.lib(xmtx.obj) : error LNK2038: 检测到“RuntimeLibrary”的不匹配项: 值“MT_StaticRelease”不匹配值“MD_DynamicRelease”(manager.obj 中)
libcpmt.lib(wlocale.obj) : error LNK2038: 检测到“RuntimeLibrary”的不匹配项: 值“MT_StaticRelease”不匹配值“MD_DynamicRelease”(manager.obj 中)
libcpmt.lib(xlocale.obj) : error LNK2038: 检测到“RuntimeLibrary”的不匹配项: 值“MT_StaticRelease”不匹配值“MD_DynamicRelease”(manager.obj 中)
libcpmt.lib(xstrcoll.obj) : error LNK2038: 检测到“RuntimeLibrary”的不匹配项: 值“MT_StaticRelease”不匹配值“MD_DynamicRelease”(manager.obj 中)
libcpmt.lib(xdateord.obj) : error LNK2038: 检测到“RuntimeLibrary”的不匹配项: 值“MT_StaticRelease”不匹配值“MD_DynamicRelease”(manager.obj 中)
libcpmt.lib(xmbtowc.obj) : error LNK2038: 检测到“RuntimeLibrary”的不匹配项: 值“MT_StaticRelease”不匹配值“MD_DynamicRelease”(manager.obj 中)
libcpmt.lib(xwctomb.obj) : error LNK2038: 检测到“RuntimeLibrary”的不匹配项: 值“MT_StaticRelease”不匹配值“MD_DynamicRelease”(manager.obj 中)
libcpmt.lib(xwcscoll.obj) : error LNK2038: 检测到“RuntimeLibrary”的不匹配项: 值“MT_StaticRelease”不匹配值“MD_DynamicRelease”(manager.obj 中)
libcpmt.lib(xwcsxfrm.obj) : error LNK2038: 检测到“RuntimeLibrary”的不匹配项: 值“MT_StaticRelease”不匹配值“MD_DynamicRelease”(manager.obj 中)
libcpmt.lib(xgetwctype.obj) : error LNK2038: 检测到“RuntimeLibrary”的不匹配项: 值“MT_StaticRelease”不匹配值“MD_DynamicRelease”(manager.obj 中)
libcpmt.lib(xtowlower.obj) : error LNK2038: 检测到“RuntimeLibrary”的不匹配项: 值“MT_StaticRelease”不匹配值“MD_DynamicRelease”(manager.obj 中)
libcpmt.lib(xtowupper.obj) : error LNK2038: 检测到“RuntimeLibrary”的不匹配项: 值“MT_StaticRelease”不匹配值“MD_DynamicRelease”(manager.obj 中)
libcpmt.lib(xstrxfrm.obj) : error LNK2038: 检测到“RuntimeLibrary”的不匹配项: 值“MT_StaticRelease”不匹配值“MD_DynamicRelease”(manager.obj 中)
libcpmt.lib(StlCompareStringA.obj) : error LNK2038: 检测到“RuntimeLibrary”的不匹配项: 值“MT_StaticRelease”不匹配值“MD_DynamicRelease”(manager.obj 中)
libcpmt.lib(StlCompareStringW.obj) : error LNK2038: 检测到“RuntimeLibrary”的不匹配项: 值“MT_StaticRelease”不匹配值“MD_DynamicRelease”(manager.obj 中)
libcpmt.lib(StlLCMapStringW.obj) : error LNK2038: 检测到“RuntimeLibrary”的不匹配项: 值“MT_StaticRelease”不匹配值“MD_DynamicRelease”(manager.obj 中)
libcpmt.lib(StlLCMapStringA.obj) : error LNK2038: 检测到“RuntimeLibrary”的不匹配项: 值“MT_StaticRelease”不匹配值“MD_DynamicRelease”(manager.obj 中)
LINK : warning LNK4098: 默认库“LIBCMT”与其他库的使用冲突；请使用 /NODEFAULTLIB:library
D:\杨帆（文件存储）\求职\C++\个人项目\机房预约系统\x64\Release\机房预约系统.exe : fatal error LNK1319: 检测到 24 个不匹配项
